<?xml version="1.0" encoding="UTF-8"?>
<testng-results ignored="0" total="25" passed="25" failed="0" skipped="0">
  <reporter-output>
  </reporter-output>
  <suite started-at="2025-09-01T09:48:48 IST" name="Suite" finished-at="2025-09-01T09:50:56 IST" duration-ms="127794">
    <groups>
      <group name="cucumber">
        <method signature="AbstractTestNGCucumberTests.runScenario(io.cucumber.testng.PickleWrapper,io.cucumber.testng.FeatureWrapper)[pri:0, instance:runners.TestRunner@399c4be1]" name="runScenario" class="io.cucumber.testng.AbstractTestNGCucumberTests"/>
      </group> <!-- cucumber -->
    </groups>
    <test started-at="2025-09-01T09:48:48 IST" name="Test" finished-at="2025-09-01T09:50:56 IST" duration-ms="127794">
      <class name="runners.TestRunner">
        <test-method is-config="true" signature="setUpClass(org.testng.ITestContext)[pri:0, instance:runners.TestRunner@399c4be1]" started-at="2025-09-01T09:48:48 IST" name="setUpClass" finished-at="2025-09-01T09:48:48 IST" duration-ms="452" status="PASS">
          <params>
            <param index="0">
              <value>
                <![CDATA[org.testng.TestRunner@2762253e]]>
              </value>
            </param>
          </params>
          <reporter-output>
          </reporter-output>
        </test-method> <!-- setUpClass -->
        <test-method signature="runScenario(io.cucumber.testng.PickleWrapper,io.cucumber.testng.FeatureWrapper)[pri:0, instance:runners.TestRunner@399c4be1]" started-at="2025-09-01T09:48:48 IST" name="runScenario" description="Runs Cucumber Scenarios" data-provider="scenarios" finished-at="2025-09-01T09:48:53 IST" duration-ms="4505" status="PASS">
          <params>
            <param index="0">
              <value>
                <![CDATA["Search with a valid city name"]]>
              </value>
            </param>
            <param index="1">
              <value>
                <![CDATA["City Search"]]>
              </value>
            </param>
          </params>
          <reporter-output>
          </reporter-output>
        </test-method> <!-- runScenario -->
        <test-method signature="runScenario(io.cucumber.testng.PickleWrapper,io.cucumber.testng.FeatureWrapper)[pri:0, instance:runners.TestRunner@399c4be1]" started-at="2025-09-01T09:48:53 IST" name="runScenario" description="Runs Cucumber Scenarios" data-provider="scenarios" finished-at="2025-09-01T09:49:01 IST" duration-ms="8288" status="PASS">
          <params>
            <param index="0">
              <value>
                <![CDATA["Search with an invalid/non-existing city"]]>
              </value>
            </param>
            <param index="1">
              <value>
                <![CDATA["City Search"]]>
              </value>
            </param>
          </params>
          <reporter-output>
          </reporter-output>
        </test-method> <!-- runScenario -->
        <test-method signature="runScenario(io.cucumber.testng.PickleWrapper,io.cucumber.testng.FeatureWrapper)[pri:0, instance:runners.TestRunner@399c4be1]" started-at="2025-09-01T09:49:01 IST" name="runScenario" description="Runs Cucumber Scenarios" data-provider="scenarios" finished-at="2025-09-01T09:49:04 IST" duration-ms="3142" status="PASS">
          <params>
            <param index="0">
              <value>
                <![CDATA["Select city using popular city icons"]]>
              </value>
            </param>
            <param index="1">
              <value>
                <![CDATA["City Search"]]>
              </value>
            </param>
          </params>
          <reporter-output>
          </reporter-output>
        </test-method> <!-- runScenario -->
        <test-method signature="runScenario(io.cucumber.testng.PickleWrapper,io.cucumber.testng.FeatureWrapper)[pri:0, instance:runners.TestRunner@399c4be1]" started-at="2025-09-01T09:49:04 IST" name="runScenario" description="Runs Cucumber Scenarios" data-provider="scenarios" finished-at="2025-09-01T09:49:15 IST" duration-ms="11186" status="PASS">
          <params>
            <param index="0">
              <value>
                <![CDATA["View all cities and validate a few non-popular names"]]>
              </value>
            </param>
            <param index="1">
              <value>
                <![CDATA["City Search"]]>
              </value>
            </param>
          </params>
          <reporter-output>
          </reporter-output>
        </test-method> <!-- runScenario -->
        <test-method signature="runScenario(io.cucumber.testng.PickleWrapper,io.cucumber.testng.FeatureWrapper)[pri:0, instance:runners.TestRunner@399c4be1]" started-at="2025-09-01T09:49:15 IST" name="runScenario" description="Runs Cucumber Scenarios" data-provider="scenarios" finished-at="2025-09-01T09:49:27 IST" duration-ms="11254" status="PASS">
          <params>
            <param index="0">
              <value>
                <![CDATA["View all cities and validate a few non-popular names"]]>
              </value>
            </param>
            <param index="1">
              <value>
                <![CDATA["City Search"]]>
              </value>
            </param>
          </params>
          <reporter-output>
          </reporter-output>
        </test-method> <!-- runScenario -->
        <test-method signature="runScenario(io.cucumber.testng.PickleWrapper,io.cucumber.testng.FeatureWrapper)[pri:0, instance:runners.TestRunner@399c4be1]" started-at="2025-09-01T09:49:27 IST" name="runScenario" description="Runs Cucumber Scenarios" data-provider="scenarios" finished-at="2025-09-01T09:49:38 IST" duration-ms="11109" status="PASS">
          <params>
            <param index="0">
              <value>
                <![CDATA["View all cities and validate a few non-popular names"]]>
              </value>
            </param>
            <param index="1">
              <value>
                <![CDATA["City Search"]]>
              </value>
            </param>
          </params>
          <reporter-output>
          </reporter-output>
        </test-method> <!-- runScenario -->
        <test-method signature="runScenario(io.cucumber.testng.PickleWrapper,io.cucumber.testng.FeatureWrapper)[pri:0, instance:runners.TestRunner@399c4be1]" started-at="2025-09-01T09:49:38 IST" name="runScenario" description="Runs Cucumber Scenarios" data-provider="scenarios" finished-at="2025-09-01T09:49:48 IST" duration-ms="10655" status="PASS">
          <params>
            <param index="0">
              <value>
                <![CDATA["View all cities and validate a few non-popular names"]]>
              </value>
            </param>
            <param index="1">
              <value>
                <![CDATA["City Search"]]>
              </value>
            </param>
          </params>
          <reporter-output>
          </reporter-output>
        </test-method> <!-- runScenario -->
        <test-method signature="runScenario(io.cucumber.testng.PickleWrapper,io.cucumber.testng.FeatureWrapper)[pri:0, instance:runners.TestRunner@399c4be1]" started-at="2025-09-01T09:49:48 IST" name="runScenario" description="Runs Cucumber Scenarios" data-provider="scenarios" finished-at="2025-09-01T09:49:52 IST" duration-ms="3664" status="PASS">
          <params>
            <param index="0">
              <value>
                <![CDATA["Validate Check Gift Card Balance icon is visible"]]>
              </value>
            </param>
            <param index="1">
              <value>
                <![CDATA["Gift Card"]]>
              </value>
            </param>
          </params>
          <reporter-output>
          </reporter-output>
        </test-method> <!-- runScenario -->
        <test-method signature="runScenario(io.cucumber.testng.PickleWrapper,io.cucumber.testng.FeatureWrapper)[pri:0, instance:runners.TestRunner@399c4be1]" started-at="2025-09-01T09:49:52 IST" name="runScenario" description="Runs Cucumber Scenarios" data-provider="scenarios" finished-at="2025-09-01T09:49:59 IST" duration-ms="6478" status="PASS">
          <params>
            <param index="0">
              <value>
                <![CDATA["Check gift card balance with invalid voucher"]]>
              </value>
            </param>
            <param index="1">
              <value>
                <![CDATA["Gift Card"]]>
              </value>
            </param>
          </params>
          <reporter-output>
          </reporter-output>
        </test-method> <!-- runScenario -->
        <test-method signature="runScenario(io.cucumber.testng.PickleWrapper,io.cucumber.testng.FeatureWrapper)[pri:0, instance:runners.TestRunner@399c4be1]" started-at="2025-09-01T09:49:59 IST" name="runScenario" description="Runs Cucumber Scenarios" data-provider="scenarios" finished-at="2025-09-01T09:50:03 IST" duration-ms="4106" status="PASS">
          <params>
            <param index="0">
              <value>
                <![CDATA["Valid login with valid credentials"]]>
              </value>
            </param>
            <param index="1">
              <value>
                <![CDATA["Login Module"]]>
              </value>
            </param>
          </params>
          <reporter-output>
          </reporter-output>
        </test-method> <!-- runScenario -->
        <test-method signature="runScenario(io.cucumber.testng.PickleWrapper,io.cucumber.testng.FeatureWrapper)[pri:0, instance:runners.TestRunner@399c4be1]" started-at="2025-09-01T09:50:03 IST" name="runScenario" description="Runs Cucumber Scenarios" data-provider="scenarios" finished-at="2025-09-01T09:50:07 IST" duration-ms="3950" status="PASS">
          <params>
            <param index="0">
              <value>
                <![CDATA["Invalid login with invalid credentials"]]>
              </value>
            </param>
            <param index="1">
              <value>
                <![CDATA["Login Module"]]>
              </value>
            </param>
          </params>
          <reporter-output>
          </reporter-output>
        </test-method> <!-- runScenario -->
        <test-method signature="runScenario(io.cucumber.testng.PickleWrapper,io.cucumber.testng.FeatureWrapper)[pri:0, instance:runners.TestRunner@399c4be1]" started-at="2025-09-01T09:50:07 IST" name="runScenario" description="Runs Cucumber Scenarios" data-provider="scenarios" finished-at="2025-09-01T09:50:10 IST" duration-ms="3374" status="PASS">
          <params>
            <param index="0">
              <value>
                <![CDATA["Elements should be visible"]]>
              </value>
            </param>
            <param index="1">
              <value>
                <![CDATA["Login Module"]]>
              </value>
            </param>
          </params>
          <reporter-output>
          </reporter-output>
        </test-method> <!-- runScenario -->
        <test-method signature="runScenario(io.cucumber.testng.PickleWrapper,io.cucumber.testng.FeatureWrapper)[pri:0, instance:runners.TestRunner@399c4be1]" started-at="2025-09-01T09:50:10 IST" name="runScenario" description="Runs Cucumber Scenarios" data-provider="scenarios" finished-at="2025-09-01T09:50:14 IST" duration-ms="4095" status="PASS">
          <params>
            <param index="0">
              <value>
                <![CDATA["Search for a currently running movie from and validate results"]]>
              </value>
            </param>
            <param index="1">
              <value>
                <![CDATA["Movie Search"]]>
              </value>
            </param>
          </params>
          <reporter-output>
          </reporter-output>
        </test-method> <!-- runScenario -->
        <test-method signature="runScenario(io.cucumber.testng.PickleWrapper,io.cucumber.testng.FeatureWrapper)[pri:0, instance:runners.TestRunner@399c4be1]" started-at="2025-09-01T09:50:14 IST" name="runScenario" description="Runs Cucumber Scenarios" data-provider="scenarios" finished-at="2025-09-01T09:50:19 IST" duration-ms="4475" status="PASS">
          <params>
            <param index="0">
              <value>
                <![CDATA["Search for a currently running movie from and validate results"]]>
              </value>
            </param>
            <param index="1">
              <value>
                <![CDATA["Movie Search"]]>
              </value>
            </param>
          </params>
          <reporter-output>
          </reporter-output>
        </test-method> <!-- runScenario -->
        <test-method signature="runScenario(io.cucumber.testng.PickleWrapper,io.cucumber.testng.FeatureWrapper)[pri:0, instance:runners.TestRunner@399c4be1]" started-at="2025-09-01T09:50:19 IST" name="runScenario" description="Runs Cucumber Scenarios" data-provider="scenarios" finished-at="2025-09-01T09:50:22 IST" duration-ms="3169" status="PASS">
          <params>
            <param index="0">
              <value>
                <![CDATA["Validate key UI elements on Movies screen"]]>
              </value>
            </param>
            <param index="1">
              <value>
                <![CDATA["Movie Search"]]>
              </value>
            </param>
          </params>
          <reporter-output>
          </reporter-output>
        </test-method> <!-- runScenario -->
        <test-method signature="runScenario(io.cucumber.testng.PickleWrapper,io.cucumber.testng.FeatureWrapper)[pri:0, instance:runners.TestRunner@399c4be1]" started-at="2025-09-01T09:50:22 IST" name="runScenario" description="Runs Cucumber Scenarios" data-provider="scenarios" finished-at="2025-09-01T09:50:25 IST" duration-ms="3418" status="PASS">
          <params>
            <param index="0">
              <value>
                <![CDATA["Validate key UI elements on Movies screen"]]>
              </value>
            </param>
            <param index="1">
              <value>
                <![CDATA["Movie Search"]]>
              </value>
            </param>
          </params>
          <reporter-output>
          </reporter-output>
        </test-method> <!-- runScenario -->
        <test-method signature="runScenario(io.cucumber.testng.PickleWrapper,io.cucumber.testng.FeatureWrapper)[pri:0, instance:runners.TestRunner@399c4be1]" started-at="2025-09-01T09:50:25 IST" name="runScenario" description="Runs Cucumber Scenarios" data-provider="scenarios" finished-at="2025-09-01T09:50:28 IST" duration-ms="3201" status="PASS">
          <params>
            <param index="0">
              <value>
                <![CDATA["Validate key UI elements on Movies screen"]]>
              </value>
            </param>
            <param index="1">
              <value>
                <![CDATA["Movie Search"]]>
              </value>
            </param>
          </params>
          <reporter-output>
          </reporter-output>
        </test-method> <!-- runScenario -->
        <test-method signature="runScenario(io.cucumber.testng.PickleWrapper,io.cucumber.testng.FeatureWrapper)[pri:0, instance:runners.TestRunner@399c4be1]" started-at="2025-09-01T09:50:28 IST" name="runScenario" description="Runs Cucumber Scenarios" data-provider="scenarios" finished-at="2025-09-01T09:50:32 IST" duration-ms="3232" status="PASS">
          <params>
            <param index="0">
              <value>
                <![CDATA["Validate key UI elements on Movies screen"]]>
              </value>
            </param>
            <param index="1">
              <value>
                <![CDATA["Movie Search"]]>
              </value>
            </param>
          </params>
          <reporter-output>
          </reporter-output>
        </test-method> <!-- runScenario -->
        <test-method signature="runScenario(io.cucumber.testng.PickleWrapper,io.cucumber.testng.FeatureWrapper)[pri:0, instance:runners.TestRunner@399c4be1]" started-at="2025-09-01T09:50:32 IST" name="runScenario" description="Runs Cucumber Scenarios" data-provider="scenarios" finished-at="2025-09-01T09:50:35 IST" duration-ms="3293" status="PASS">
          <params>
            <param index="0">
              <value>
                <![CDATA["Validate key UI elements on Movies screen"]]>
              </value>
            </param>
            <param index="1">
              <value>
                <![CDATA["Movie Search"]]>
              </value>
            </param>
          </params>
          <reporter-output>
          </reporter-output>
        </test-method> <!-- runScenario -->
        <test-method signature="runScenario(io.cucumber.testng.PickleWrapper,io.cucumber.testng.FeatureWrapper)[pri:0, instance:runners.TestRunner@399c4be1]" started-at="2025-09-01T09:50:35 IST" name="runScenario" description="Runs Cucumber Scenarios" data-provider="scenarios" finished-at="2025-09-01T09:50:38 IST" duration-ms="3258" status="PASS">
          <params>
            <param index="0">
              <value>
                <![CDATA["Validate key UI elements on Movies screen"]]>
              </value>
            </param>
            <param index="1">
              <value>
                <![CDATA["Movie Search"]]>
              </value>
            </param>
          </params>
          <reporter-output>
          </reporter-output>
        </test-method> <!-- runScenario -->
        <test-method signature="runScenario(io.cucumber.testng.PickleWrapper,io.cucumber.testng.FeatureWrapper)[pri:0, instance:runners.TestRunner@399c4be1]" started-at="2025-09-01T09:50:38 IST" name="runScenario" description="Runs Cucumber Scenarios" data-provider="scenarios" finished-at="2025-09-01T09:50:41 IST" duration-ms="3287" status="PASS">
          <params>
            <param index="0">
              <value>
                <![CDATA["Validate key UI elements on Movies screen"]]>
              </value>
            </param>
            <param index="1">
              <value>
                <![CDATA["Movie Search"]]>
              </value>
            </param>
          </params>
          <reporter-output>
          </reporter-output>
        </test-method> <!-- runScenario -->
        <test-method signature="runScenario(io.cucumber.testng.PickleWrapper,io.cucumber.testng.FeatureWrapper)[pri:0, instance:runners.TestRunner@399c4be1]" started-at="2025-09-01T09:50:41 IST" name="runScenario" description="Runs Cucumber Scenarios" data-provider="scenarios" finished-at="2025-09-01T09:50:45 IST" duration-ms="3230" status="PASS">
          <params>
            <param index="0">
              <value>
                <![CDATA["Validate key UI elements on Movies screen"]]>
              </value>
            </param>
            <param index="1">
              <value>
                <![CDATA["Movie Search"]]>
              </value>
            </param>
          </params>
          <reporter-output>
          </reporter-output>
        </test-method> <!-- runScenario -->
        <test-method signature="runScenario(io.cucumber.testng.PickleWrapper,io.cucumber.testng.FeatureWrapper)[pri:0, instance:runners.TestRunner@399c4be1]" started-at="2025-09-01T09:50:45 IST" name="runScenario" description="Runs Cucumber Scenarios" data-provider="scenarios" finished-at="2025-09-01T09:50:48 IST" duration-ms="3247" status="PASS">
          <params>
            <param index="0">
              <value>
                <![CDATA["Validate key UI elements on Movies screen"]]>
              </value>
            </param>
            <param index="1">
              <value>
                <![CDATA["Movie Search"]]>
              </value>
            </param>
          </params>
          <reporter-output>
          </reporter-output>
        </test-method> <!-- runScenario -->
        <test-method signature="runScenario(io.cucumber.testng.PickleWrapper,io.cucumber.testng.FeatureWrapper)[pri:0, instance:runners.TestRunner@399c4be1]" started-at="2025-09-01T09:50:48 IST" name="runScenario" description="Runs Cucumber Scenarios" data-provider="scenarios" finished-at="2025-09-01T09:50:51 IST" duration-ms="3373" status="PASS">
          <params>
            <param index="0">
              <value>
                <![CDATA["Validate key UI elements on Movies screen"]]>
              </value>
            </param>
            <param index="1">
              <value>
                <![CDATA["Movie Search"]]>
              </value>
            </param>
          </params>
          <reporter-output>
          </reporter-output>
        </test-method> <!-- runScenario -->
        <test-method signature="runScenario(io.cucumber.testng.PickleWrapper,io.cucumber.testng.FeatureWrapper)[pri:0, instance:runners.TestRunner@399c4be1]" started-at="2025-09-01T09:50:51 IST" name="runScenario" description="Runs Cucumber Scenarios" data-provider="scenarios" finished-at="2025-09-01T09:50:56 IST" duration-ms="4293" status="PASS">
          <params>
            <param index="0">
              <value>
                <![CDATA["Explore upcoming movies and validate 'In Cinemas Near You' link"]]>
              </value>
            </param>
            <param index="1">
              <value>
                <![CDATA["Movie Search"]]>
              </value>
            </param>
          </params>
          <reporter-output>
          </reporter-output>
        </test-method> <!-- runScenario -->
        <test-method is-config="true" signature="tearDownClass()[pri:0, instance:runners.TestRunner@399c4be1]" started-at="2025-09-01T09:50:56 IST" name="tearDownClass" finished-at="2025-09-01T09:50:56 IST" duration-ms="9" status="PASS">
          <reporter-output>
          </reporter-output>
        </test-method> <!-- tearDownClass -->
      </class> <!-- runners.TestRunner -->
    </test> <!-- Test -->
  </suite> <!-- Suite -->
</testng-results>
