<?xml version="1.0" encoding="UTF-8"?>
<testng-results ignored="0" total="25" passed="25" failed="0" skipped="0">
  <reporter-output>
  </reporter-output>
  <suite started-at="2025-08-31T04:00:50 IST" name="Suite" finished-at="2025-08-31T04:03:00 IST" duration-ms="130134">
    <groups>
      <group name="cucumber">
        <method signature="AbstractTestNGCucumberTests.runScenario(io.cucumber.testng.PickleWrapper,io.cucumber.testng.FeatureWrapper)[pri:0, instance:runners.TestRunner@399c4be1]" name="runScenario" class="io.cucumber.testng.AbstractTestNGCucumberTests"/>
      </group> <!-- cucumber -->
    </groups>
    <test started-at="2025-08-31T04:00:50 IST" name="Test" finished-at="2025-08-31T04:03:00 IST" duration-ms="130134">
      <class name="runners.TestRunner">
        <test-method is-config="true" signature="setUpClass(org.testng.ITestContext)[pri:0, instance:runners.TestRunner@399c4be1]" started-at="2025-08-31T04:00:50 IST" name="setUpClass" finished-at="2025-08-31T04:00:51 IST" duration-ms="493" status="PASS">
          <params>
            <param index="0">
              <value>
                <![CDATA[org.testng.TestRunner@2762253e]]>
              </value>
            </param>
          </params>
          <reporter-output>
          </reporter-output>
        </test-method> <!-- setUpClass -->
        <test-method signature="runScenario(io.cucumber.testng.PickleWrapper,io.cucumber.testng.FeatureWrapper)[pri:0, instance:runners.TestRunner@399c4be1]" started-at="2025-08-31T04:00:51 IST" name="runScenario" description="Runs Cucumber Scenarios" data-provider="scenarios" finished-at="2025-08-31T04:00:55 IST" duration-ms="4574" status="PASS">
          <params>
            <param index="0">
              <value>
                <![CDATA["Search with a valid city name"]]>
              </value>
            </param>
            <param index="1">
              <value>
                <![CDATA["City Search"]]>
              </value>
            </param>
          </params>
          <reporter-output>
          </reporter-output>
        </test-method> <!-- runScenario -->
        <test-method signature="runScenario(io.cucumber.testng.PickleWrapper,io.cucumber.testng.FeatureWrapper)[pri:0, instance:runners.TestRunner@399c4be1]" started-at="2025-08-31T04:00:55 IST" name="runScenario" description="Runs Cucumber Scenarios" data-provider="scenarios" finished-at="2025-08-31T04:01:04 IST" duration-ms="8236" status="PASS">
          <params>
            <param index="0">
              <value>
                <![CDATA["Search with an invalid/non-existing city"]]>
              </value>
            </param>
            <param index="1">
              <value>
                <![CDATA["City Search"]]>
              </value>
            </param>
          </params>
          <reporter-output>
          </reporter-output>
        </test-method> <!-- runScenario -->
        <test-method signature="runScenario(io.cucumber.testng.PickleWrapper,io.cucumber.testng.FeatureWrapper)[pri:0, instance:runners.TestRunner@399c4be1]" started-at="2025-08-31T04:01:04 IST" name="runScenario" description="Runs Cucumber Scenarios" data-provider="scenarios" finished-at="2025-08-31T04:01:07 IST" duration-ms="3559" status="PASS">
          <params>
            <param index="0">
              <value>
                <![CDATA["Select city using popular city icons"]]>
              </value>
            </param>
            <param index="1">
              <value>
                <![CDATA["City Search"]]>
              </value>
            </param>
          </params>
          <reporter-output>
          </reporter-output>
        </test-method> <!-- runScenario -->
        <test-method signature="runScenario(io.cucumber.testng.PickleWrapper,io.cucumber.testng.FeatureWrapper)[pri:0, instance:runners.TestRunner@399c4be1]" started-at="2025-08-31T04:01:07 IST" name="runScenario" description="Runs Cucumber Scenarios" data-provider="scenarios" finished-at="2025-08-31T04:01:19 IST" duration-ms="11947" status="PASS">
          <params>
            <param index="0">
              <value>
                <![CDATA["View all cities and validate a few non-popular names"]]>
              </value>
            </param>
            <param index="1">
              <value>
                <![CDATA["City Search"]]>
              </value>
            </param>
          </params>
          <reporter-output>
          </reporter-output>
        </test-method> <!-- runScenario -->
        <test-method signature="runScenario(io.cucumber.testng.PickleWrapper,io.cucumber.testng.FeatureWrapper)[pri:0, instance:runners.TestRunner@399c4be1]" started-at="2025-08-31T04:01:19 IST" name="runScenario" description="Runs Cucumber Scenarios" data-provider="scenarios" finished-at="2025-08-31T04:01:30 IST" duration-ms="10962" status="PASS">
          <params>
            <param index="0">
              <value>
                <![CDATA["View all cities and validate a few non-popular names"]]>
              </value>
            </param>
            <param index="1">
              <value>
                <![CDATA["City Search"]]>
              </value>
            </param>
          </params>
          <reporter-output>
          </reporter-output>
        </test-method> <!-- runScenario -->
        <test-method signature="runScenario(io.cucumber.testng.PickleWrapper,io.cucumber.testng.FeatureWrapper)[pri:0, instance:runners.TestRunner@399c4be1]" started-at="2025-08-31T04:01:30 IST" name="runScenario" description="Runs Cucumber Scenarios" data-provider="scenarios" finished-at="2025-08-31T04:01:41 IST" duration-ms="10499" status="PASS">
          <params>
            <param index="0">
              <value>
                <![CDATA["View all cities and validate a few non-popular names"]]>
              </value>
            </param>
            <param index="1">
              <value>
                <![CDATA["City Search"]]>
              </value>
            </param>
          </params>
          <reporter-output>
          </reporter-output>
        </test-method> <!-- runScenario -->
        <test-method signature="runScenario(io.cucumber.testng.PickleWrapper,io.cucumber.testng.FeatureWrapper)[pri:0, instance:runners.TestRunner@399c4be1]" started-at="2025-08-31T04:01:41 IST" name="runScenario" description="Runs Cucumber Scenarios" data-provider="scenarios" finished-at="2025-08-31T04:01:51 IST" duration-ms="10676" status="PASS">
          <params>
            <param index="0">
              <value>
                <![CDATA["View all cities and validate a few non-popular names"]]>
              </value>
            </param>
            <param index="1">
              <value>
                <![CDATA["City Search"]]>
              </value>
            </param>
          </params>
          <reporter-output>
          </reporter-output>
        </test-method> <!-- runScenario -->
        <test-method signature="runScenario(io.cucumber.testng.PickleWrapper,io.cucumber.testng.FeatureWrapper)[pri:0, instance:runners.TestRunner@399c4be1]" started-at="2025-08-31T04:01:51 IST" name="runScenario" description="Runs Cucumber Scenarios" data-provider="scenarios" finished-at="2025-08-31T04:01:55 IST" duration-ms="4095" status="PASS">
          <params>
            <param index="0">
              <value>
                <![CDATA["Validate Check Gift Card Balance icon is visible"]]>
              </value>
            </param>
            <param index="1">
              <value>
                <![CDATA["Gift Card"]]>
              </value>
            </param>
          </params>
          <reporter-output>
          </reporter-output>
        </test-method> <!-- runScenario -->
        <test-method signature="runScenario(io.cucumber.testng.PickleWrapper,io.cucumber.testng.FeatureWrapper)[pri:0, instance:runners.TestRunner@399c4be1]" started-at="2025-08-31T04:01:55 IST" name="runScenario" description="Runs Cucumber Scenarios" data-provider="scenarios" finished-at="2025-08-31T04:02:02 IST" duration-ms="6407" status="PASS">
          <params>
            <param index="0">
              <value>
                <![CDATA["Check gift card balance with invalid voucher"]]>
              </value>
            </param>
            <param index="1">
              <value>
                <![CDATA["Gift Card"]]>
              </value>
            </param>
          </params>
          <reporter-output>
          </reporter-output>
        </test-method> <!-- runScenario -->
        <test-method signature="runScenario(io.cucumber.testng.PickleWrapper,io.cucumber.testng.FeatureWrapper)[pri:0, instance:runners.TestRunner@399c4be1]" started-at="2025-08-31T04:02:02 IST" name="runScenario" description="Runs Cucumber Scenarios" data-provider="scenarios" finished-at="2025-08-31T04:02:06 IST" duration-ms="4344" status="PASS">
          <params>
            <param index="0">
              <value>
                <![CDATA["Valid login with valid credentials"]]>
              </value>
            </param>
            <param index="1">
              <value>
                <![CDATA["Login Module"]]>
              </value>
            </param>
          </params>
          <reporter-output>
          </reporter-output>
        </test-method> <!-- runScenario -->
        <test-method signature="runScenario(io.cucumber.testng.PickleWrapper,io.cucumber.testng.FeatureWrapper)[pri:0, instance:runners.TestRunner@399c4be1]" started-at="2025-08-31T04:02:06 IST" name="runScenario" description="Runs Cucumber Scenarios" data-provider="scenarios" finished-at="2025-08-31T04:02:10 IST" duration-ms="4078" status="PASS">
          <params>
            <param index="0">
              <value>
                <![CDATA["Invalid login with invalid credentials"]]>
              </value>
            </param>
            <param index="1">
              <value>
                <![CDATA["Login Module"]]>
              </value>
            </param>
          </params>
          <reporter-output>
          </reporter-output>
        </test-method> <!-- runScenario -->
        <test-method signature="runScenario(io.cucumber.testng.PickleWrapper,io.cucumber.testng.FeatureWrapper)[pri:0, instance:runners.TestRunner@399c4be1]" started-at="2025-08-31T04:02:10 IST" name="runScenario" description="Runs Cucumber Scenarios" data-provider="scenarios" finished-at="2025-08-31T04:02:14 IST" duration-ms="3654" status="PASS">
          <params>
            <param index="0">
              <value>
                <![CDATA["Elements should be visible"]]>
              </value>
            </param>
            <param index="1">
              <value>
                <![CDATA["Login Module"]]>
              </value>
            </param>
          </params>
          <reporter-output>
          </reporter-output>
        </test-method> <!-- runScenario -->
        <test-method signature="runScenario(io.cucumber.testng.PickleWrapper,io.cucumber.testng.FeatureWrapper)[pri:0, instance:runners.TestRunner@399c4be1]" started-at="2025-08-31T04:02:14 IST" name="runScenario" description="Runs Cucumber Scenarios" data-provider="scenarios" finished-at="2025-08-31T04:02:18 IST" duration-ms="4394" status="PASS">
          <params>
            <param index="0">
              <value>
                <![CDATA["Search for a currently running movie from and validate results"]]>
              </value>
            </param>
            <param index="1">
              <value>
                <![CDATA["Movie Search"]]>
              </value>
            </param>
          </params>
          <reporter-output>
          </reporter-output>
        </test-method> <!-- runScenario -->
        <test-method signature="runScenario(io.cucumber.testng.PickleWrapper,io.cucumber.testng.FeatureWrapper)[pri:0, instance:runners.TestRunner@399c4be1]" started-at="2025-08-31T04:02:18 IST" name="runScenario" description="Runs Cucumber Scenarios" data-provider="scenarios" finished-at="2025-08-31T04:02:22 IST" duration-ms="4020" status="PASS">
          <params>
            <param index="0">
              <value>
                <![CDATA["Search for a currently running movie from and validate results"]]>
              </value>
            </param>
            <param index="1">
              <value>
                <![CDATA["Movie Search"]]>
              </value>
            </param>
          </params>
          <reporter-output>
          </reporter-output>
        </test-method> <!-- runScenario -->
        <test-method signature="runScenario(io.cucumber.testng.PickleWrapper,io.cucumber.testng.FeatureWrapper)[pri:0, instance:runners.TestRunner@399c4be1]" started-at="2025-08-31T04:02:22 IST" name="runScenario" description="Runs Cucumber Scenarios" data-provider="scenarios" finished-at="2025-08-31T04:02:25 IST" duration-ms="3171" status="PASS">
          <params>
            <param index="0">
              <value>
                <![CDATA["Validate key UI elements on Movies screen"]]>
              </value>
            </param>
            <param index="1">
              <value>
                <![CDATA["Movie Search"]]>
              </value>
            </param>
          </params>
          <reporter-output>
          </reporter-output>
        </test-method> <!-- runScenario -->
        <test-method signature="runScenario(io.cucumber.testng.PickleWrapper,io.cucumber.testng.FeatureWrapper)[pri:0, instance:runners.TestRunner@399c4be1]" started-at="2025-08-31T04:02:25 IST" name="runScenario" description="Runs Cucumber Scenarios" data-provider="scenarios" finished-at="2025-08-31T04:02:29 IST" duration-ms="3353" status="PASS">
          <params>
            <param index="0">
              <value>
                <![CDATA["Validate key UI elements on Movies screen"]]>
              </value>
            </param>
            <param index="1">
              <value>
                <![CDATA["Movie Search"]]>
              </value>
            </param>
          </params>
          <reporter-output>
          </reporter-output>
        </test-method> <!-- runScenario -->
        <test-method signature="runScenario(io.cucumber.testng.PickleWrapper,io.cucumber.testng.FeatureWrapper)[pri:0, instance:runners.TestRunner@399c4be1]" started-at="2025-08-31T04:02:29 IST" name="runScenario" description="Runs Cucumber Scenarios" data-provider="scenarios" finished-at="2025-08-31T04:02:32 IST" duration-ms="3382" status="PASS">
          <params>
            <param index="0">
              <value>
                <![CDATA["Validate key UI elements on Movies screen"]]>
              </value>
            </param>
            <param index="1">
              <value>
                <![CDATA["Movie Search"]]>
              </value>
            </param>
          </params>
          <reporter-output>
          </reporter-output>
        </test-method> <!-- runScenario -->
        <test-method signature="runScenario(io.cucumber.testng.PickleWrapper,io.cucumber.testng.FeatureWrapper)[pri:0, instance:runners.TestRunner@399c4be1]" started-at="2025-08-31T04:02:32 IST" name="runScenario" description="Runs Cucumber Scenarios" data-provider="scenarios" finished-at="2025-08-31T04:02:36 IST" duration-ms="3618" status="PASS">
          <params>
            <param index="0">
              <value>
                <![CDATA["Validate key UI elements on Movies screen"]]>
              </value>
            </param>
            <param index="1">
              <value>
                <![CDATA["Movie Search"]]>
              </value>
            </param>
          </params>
          <reporter-output>
          </reporter-output>
        </test-method> <!-- runScenario -->
        <test-method signature="runScenario(io.cucumber.testng.PickleWrapper,io.cucumber.testng.FeatureWrapper)[pri:0, instance:runners.TestRunner@399c4be1]" started-at="2025-08-31T04:02:36 IST" name="runScenario" description="Runs Cucumber Scenarios" data-provider="scenarios" finished-at="2025-08-31T04:02:39 IST" duration-ms="3405" status="PASS">
          <params>
            <param index="0">
              <value>
                <![CDATA["Validate key UI elements on Movies screen"]]>
              </value>
            </param>
            <param index="1">
              <value>
                <![CDATA["Movie Search"]]>
              </value>
            </param>
          </params>
          <reporter-output>
          </reporter-output>
        </test-method> <!-- runScenario -->
        <test-method signature="runScenario(io.cucumber.testng.PickleWrapper,io.cucumber.testng.FeatureWrapper)[pri:0, instance:runners.TestRunner@399c4be1]" started-at="2025-08-31T04:02:39 IST" name="runScenario" description="Runs Cucumber Scenarios" data-provider="scenarios" finished-at="2025-08-31T04:02:42 IST" duration-ms="3219" status="PASS">
          <params>
            <param index="0">
              <value>
                <![CDATA["Validate key UI elements on Movies screen"]]>
              </value>
            </param>
            <param index="1">
              <value>
                <![CDATA["Movie Search"]]>
              </value>
            </param>
          </params>
          <reporter-output>
          </reporter-output>
        </test-method> <!-- runScenario -->
        <test-method signature="runScenario(io.cucumber.testng.PickleWrapper,io.cucumber.testng.FeatureWrapper)[pri:0, instance:runners.TestRunner@399c4be1]" started-at="2025-08-31T04:02:42 IST" name="runScenario" description="Runs Cucumber Scenarios" data-provider="scenarios" finished-at="2025-08-31T04:02:46 IST" duration-ms="3491" status="PASS">
          <params>
            <param index="0">
              <value>
                <![CDATA["Validate key UI elements on Movies screen"]]>
              </value>
            </param>
            <param index="1">
              <value>
                <![CDATA["Movie Search"]]>
              </value>
            </param>
          </params>
          <reporter-output>
          </reporter-output>
        </test-method> <!-- runScenario -->
        <test-method signature="runScenario(io.cucumber.testng.PickleWrapper,io.cucumber.testng.FeatureWrapper)[pri:0, instance:runners.TestRunner@399c4be1]" started-at="2025-08-31T04:02:46 IST" name="runScenario" description="Runs Cucumber Scenarios" data-provider="scenarios" finished-at="2025-08-31T04:02:49 IST" duration-ms="3319" status="PASS">
          <params>
            <param index="0">
              <value>
                <![CDATA["Validate key UI elements on Movies screen"]]>
              </value>
            </param>
            <param index="1">
              <value>
                <![CDATA["Movie Search"]]>
              </value>
            </param>
          </params>
          <reporter-output>
          </reporter-output>
        </test-method> <!-- runScenario -->
        <test-method signature="runScenario(io.cucumber.testng.PickleWrapper,io.cucumber.testng.FeatureWrapper)[pri:0, instance:runners.TestRunner@399c4be1]" started-at="2025-08-31T04:02:49 IST" name="runScenario" description="Runs Cucumber Scenarios" data-provider="scenarios" finished-at="2025-08-31T04:02:53 IST" duration-ms="3639" status="PASS">
          <params>
            <param index="0">
              <value>
                <![CDATA["Validate key UI elements on Movies screen"]]>
              </value>
            </param>
            <param index="1">
              <value>
                <![CDATA["Movie Search"]]>
              </value>
            </param>
          </params>
          <reporter-output>
          </reporter-output>
        </test-method> <!-- runScenario -->
        <test-method signature="runScenario(io.cucumber.testng.PickleWrapper,io.cucumber.testng.FeatureWrapper)[pri:0, instance:runners.TestRunner@399c4be1]" started-at="2025-08-31T04:02:53 IST" name="runScenario" description="Runs Cucumber Scenarios" data-provider="scenarios" finished-at="2025-08-31T04:02:56 IST" duration-ms="3173" status="PASS">
          <params>
            <param index="0">
              <value>
                <![CDATA["Validate key UI elements on Movies screen"]]>
              </value>
            </param>
            <param index="1">
              <value>
                <![CDATA["Movie Search"]]>
              </value>
            </param>
          </params>
          <reporter-output>
          </reporter-output>
        </test-method> <!-- runScenario -->
        <test-method signature="runScenario(io.cucumber.testng.PickleWrapper,io.cucumber.testng.FeatureWrapper)[pri:0, instance:runners.TestRunner@399c4be1]" started-at="2025-08-31T04:02:56 IST" name="runScenario" description="Runs Cucumber Scenarios" data-provider="scenarios" finished-at="2025-08-31T04:03:00 IST" duration-ms="4369" status="PASS">
          <params>
            <param index="0">
              <value>
                <![CDATA["Explore upcoming movies and validate 'In Cinemas Near You' link"]]>
              </value>
            </param>
            <param index="1">
              <value>
                <![CDATA["Movie Search"]]>
              </value>
            </param>
          </params>
          <reporter-output>
          </reporter-output>
        </test-method> <!-- runScenario -->
        <test-method is-config="true" signature="tearDownClass()[pri:0, instance:runners.TestRunner@399c4be1]" started-at="2025-08-31T04:03:00 IST" name="tearDownClass" finished-at="2025-08-31T04:03:00 IST" duration-ms="9" status="PASS">
          <reporter-output>
          </reporter-output>
        </test-method> <!-- tearDownClass -->
      </class> <!-- runners.TestRunner -->
    </test> <!-- Test -->
  </suite> <!-- Suite -->
</testng-results>
